#
# There is insufficient memory for the Java Runtime Environment to continue.
# Native memory allocation (malloc) failed to allocate 524288 bytes for AllocateHeap
# Possible reasons:
#   The system is out of physical RAM or swap space
#   The process is running with CompressedOops enabled, and the Java Heap may be blocking the growth of the native heap
# Possible solutions:
#   Reduce memory load on the system
#   Increase physical memory or swap space
#   Check if swap backing store is full
#   Decrease Java heap size (-Xmx/-Xms)
#   Decrease number of Java threads
#   Decrease Java thread stack sizes (-Xss)
#   Set larger code cache with -XX:ReservedCodeCacheSize=
#   JVM is running with Unscaled Compressed Oops mode in which the Java heap is
#     placed in the first 4GB address space. The Java Heap base address is the
#     maximum limit for the native heap growth. Please use -XX:HeapBaseMinAddress
#     to set the Java Heap base and to place the Java Heap above 4GB virtual address.
# This output file may be truncated or incomplete.
#
#  Out of Memory Error (./open/src/hotspot/share/memory/allocation.cpp:46), pid=7848, tid=9644
#
# JRE version:  (11.0.16.1+1) (build )
# Java VM: Java HotSpot(TM) 64-Bit Server VM (11.0.16.1+1-LTS-1, mixed mode, tiered, compressed oops, g1 gc, windows-amd64)
# No core dump will be written. Minidumps are not enabled by default on client versions of Windows
#

---------------  S U M M A R Y ------------

Command Line: -Dcom.sun.management.jmxremote -Dcom.sun.management.jmxremote.port=2780 -Dcom.sun.management.jmxremote.authenticate=false -Dcom.sun.management.jmxremote.ssl=false -Djava.rmi.server.hostname=localhost -Dspring.jmx.enabled=true -Dspring.application.admin.enabled=true -XX:TieredStopAtLevel=1 -Dspring.boot.project.name=soccer_deploy -Dfile.encoding=UTF-8 soccer.deploy.HyodongkimApplication --spring.output.ansi.enabled=always

Host: Intel(R) Core(TM) i7-4790 CPU @ 3.60GHz, 8 cores, 3G,  Windows 10 , 64 bit Build 18362 (10.0.18362.329)
Time: Mon Dec 26 17:34:38 2022 대한민국 표준시 elapsed time: 0.031051 seconds (0d 0h 0m 0s)

---------------  T H R E A D  ---------------

Current thread (0x00000153ed450000):  JavaThread "Unknown thread" [_thread_in_vm, id=9644, stack(0x000000257bb00000,0x000000257bc00000)]

Stack: [0x000000257bb00000,0x000000257bc00000]
Native frames: (J=compiled Java code, j=interpreted, Vv=VM code, C=native code)
V  [jvm.dll+0x62a3da]
V  [jvm.dll+0x76407f]
V  [jvm.dll+0x765729]
V  [jvm.dll+0x765db3]
V  [jvm.dll+0x23dc18]
V  [jvm.dll+0xb1494]
V  [jvm.dll+0x6bce12]
V  [jvm.dll+0x6bcda7]
V  [jvm.dll+0x6bcf1a]
V  [jvm.dll+0x73da72]
V  [jvm.dll+0x74013e]
V  [jvm.dll+0x346f09]
V  [jvm.dll+0x723f50]
V  [jvm.dll+0x3b5aef]
V  [jvm.dll+0x3b7c01]
C  [jli.dll+0x5207]
C  [ucrtbase.dll+0x20e72]
C  [KERNEL32.DLL+0x17bd4]
C  [ntdll.dll+0x6ced1]


---------------  P R O C E S S  ---------------

Threads class SMR info:
_java_thread_list=0x00000153eb35c140, length=0, elements={
}

Java Threads: ( => current thread )

Other Threads:
  0x00000153ed465800 GCTaskThread "GC Thread#0" [stack: 0x000000257bc00000,0x000000257bd00000] [id=16624]
  0x00000153ed482000 ConcurrentGCThread "G1 Main Marker" [stack: 0x000000257bd00000,0x000000257be00000] [id=12872]
  0x00000153ed485800 ConcurrentGCThread "G1 Conc#0" [stack: 0x000000257be00000,0x000000257bf00000] [id=15644]
  0x00000153ed4e2800 ConcurrentGCThread "G1 Refine#0" [stack: 0x000000257bf00000,0x000000257c000000] [id=4028]
  0x00000153ed4e3800 ConcurrentGCThread "G1 Young RemSet Sampling" [stack: 0x000000257c000000,0x000000257c100000] [id=16652]

=>0x00000153ed450000 (exited) JavaThread "Unknown thread" [_thread_in_vm, id=9644, stack(0x000000257bb00000,0x000000257bc00000)]

Threads with active compile tasks:

VM state:not at safepoint (not fully initialized)

VM Mutex/Monitor currently owned by a thread: None

Heap address: 0x00000000c2000000, size: 992 MB, Compressed Oops mode: 32-bit
Narrow klass base: 0x0000000000000000, Narrow klass shift: 3
Compressed class space size: 1073741824 Address: 0x0000000100000000

GC Heap History (0 events):
No events

Deoptimization events (0 events):
No events

Classes redefined (0 events):
No events

Internal exceptions (0 events):
No events

Events (0 events):
No events


Dynamic libraries:
0x00007ff663370000 - 0x00007ff66337f000 	C:\Program Files\Java\jdk-11.0.16.1\bin\javaw.exe
0x00007ffdb4cc0000 - 0x00007ffdb4eb0000 	C:\Windows\SYSTEM32\ntdll.dll
0x00007ffdb2e30000 - 0x00007ffdb2ee2000 	C:\Windows\System32\KERNEL32.DLL
0x00007ffdb1e00000 - 0x00007ffdb20a3000 	C:\Windows\System32\KERNELBASE.dll
0x00007ffdb1c50000 - 0x00007ffdb1d4a000 	C:\Windows\System32\ucrtbase.dll
0x00007ffda7f70000 - 0x00007ffda7f88000 	C:\Program Files\Java\jdk-11.0.16.1\bin\jli.dll
0x00007ffdb2ef0000 - 0x00007ffdb2f93000 	C:\Windows\System32\ADVAPI32.dll
0x00007ffdb2d90000 - 0x00007ffdb2e2e000 	C:\Windows\System32\msvcrt.dll
0x00007ffdb4b80000 - 0x00007ffdb4c17000 	C:\Windows\System32\sechost.dll
0x00007ffdb3120000 - 0x00007ffdb3240000 	C:\Windows\System32\RPCRT4.dll
0x00007ffda48d0000 - 0x00007ffda48e5000 	C:\Program Files\Java\jdk-11.0.16.1\bin\VCRUNTIME140.dll
0x00007ffdb4850000 - 0x00007ffdb49e4000 	C:\Windows\System32\USER32.dll
0x00007ffdb1dd0000 - 0x00007ffdb1df1000 	C:\Windows\System32\win32u.dll
0x00007ffda42b0000 - 0x00007ffda4535000 	C:\Windows\WinSxS\amd64_microsoft.windows.common-controls_6595b64144ccf1df_6.0.18362.592_none_e6c0b1911312be02\COMCTL32.dll
0x00007ffdb4820000 - 0x00007ffdb4846000 	C:\Windows\System32\GDI32.dll
0x00007ffdb41c0000 - 0x00007ffdb44f6000 	C:\Windows\System32\combase.dll
0x00007ffdb2200000 - 0x00007ffdb2394000 	C:\Windows\System32\gdi32full.dll
0x00007ffdb1d50000 - 0x00007ffdb1dd0000 	C:\Windows\System32\bcryptPrimitives.dll
0x00007ffdb2ca0000 - 0x00007ffdb2d3e000 	C:\Windows\System32\msvcp_win.dll
0x00007ffda7010000 - 0x00007ffda701a000 	C:\Windows\SYSTEM32\VERSION.dll
0x00007ffdb4050000 - 0x00007ffdb407e000 	C:\Windows\System32\IMM32.DLL
0x00007ffd8eca0000 - 0x00007ffd8ed3b000 	C:\Program Files\Java\jdk-11.0.16.1\bin\msvcp140.dll
0x00007ffd57f60000 - 0x00007ffd58a78000 	C:\Program Files\Java\jdk-11.0.16.1\bin\server\jvm.dll
0x00007ffdb4040000 - 0x00007ffdb4048000 	C:\Windows\System32\PSAPI.DLL
0x00007ffdafb40000 - 0x00007ffdafb64000 	C:\Windows\SYSTEM32\WINMM.dll
0x00007ffda35b0000 - 0x00007ffda35b9000 	C:\Windows\SYSTEM32\WSOCK32.dll
0x00007ffdb3f50000 - 0x00007ffdb3fbf000 	C:\Windows\System32\WS2_32.dll
0x00007ffdaf6c0000 - 0x00007ffdaf6ed000 	C:\Windows\SYSTEM32\WINMMBASE.dll
0x00007ffdb2c50000 - 0x00007ffdb2c9a000 	C:\Windows\System32\cfgmgr32.dll
0x00007ffdb1ba0000 - 0x00007ffdb1bb1000 	C:\Windows\System32\kernel.appcore.dll
0x00007ffda99f0000 - 0x00007ffda9a00000 	C:\Program Files\Java\jdk-11.0.16.1\bin\verify.dll
0x00007ffda2760000 - 0x00007ffda2954000 	C:\Windows\SYSTEM32\DBGHELP.DLL
0x00007ffda2470000 - 0x00007ffda249a000 	C:\Windows\SYSTEM32\dbgcore.DLL
0x00007ffda2590000 - 0x00007ffda25b8000 	C:\Program Files\Java\jdk-11.0.16.1\bin\java.dll
0x00007ffda80e0000 - 0x00007ffda80ea000 	C:\Program Files\Java\jdk-11.0.16.1\bin\jimage.dll
0x00007ffda2570000 - 0x00007ffda2586000 	C:\Program Files\Java\jdk-11.0.16.1\bin\zip.dll

dbghelp: loaded successfully - version: 4.0.5 - missing functions: none
symbol engine: initialized successfully - sym options: 0x614 - pdb path: .;C:\Program Files\Java\jdk-11.0.16.1\bin;C:\Windows\SYSTEM32;C:\Windows\WinSxS\amd64_microsoft.windows.common-controls_6595b64144ccf1df_6.0.18362.592_none_e6c0b1911312be02;C:\Program Files\Java\jdk-11.0.16.1\bin\server

VM Arguments:
jvm_args: -Dcom.sun.management.jmxremote -Dcom.sun.management.jmxremote.port=2780 -Dcom.sun.management.jmxremote.authenticate=false -Dcom.sun.management.jmxremote.ssl=false -Djava.rmi.server.hostname=localhost -Dspring.jmx.enabled=true -Dspring.application.admin.enabled=true -XX:TieredStopAtLevel=1 -Dspring.boot.project.name=soccer_deploy -Dfile.encoding=UTF-8 
java_command: soccer.deploy.HyodongkimApplication --spring.output.ansi.enabled=always
java_class_path (initial): C:\Users\good\git\soccer_deploy\soccer_deploy\bin\main;C:\Users\good\.gradle\caches\modules-2\files-2.1\org.projectlombok\lombok\1.18.22\9c08ea24c6eb714e2d6170e8122c069a0ba9aacf\lombok-1.18.22.jar;C:\Users\good\.gradle\caches\modules-2\files-2.1\org.springframework.boot\spring-boot-starter-web\2.7.6\9d0166a0390df593243bdc798ca7a1db20ddea9c\spring-boot-starter-web-2.7.6.jar;C:\Users\good\.gradle\caches\modules-2\files-2.1\javax.servlet\jstl\1.2\74aca283cd4f4b4f3e425f5820cda58f44409547\jstl-1.2.jar;C:\Users\good\.gradle\caches\modules-2\files-2.1\org.apache.tomcat.embed\tomcat-embed-jasper\9.0.69\725ca16025edbeedc1feff170242ab23e5e48feb\tomcat-embed-jasper-9.0.69.jar;C:\Users\good\.gradle\caches\modules-2\files-2.1\org.springframework.boot\spring-boot-starter-json\2.7.6\77017e2aa78224c3fa10444d659c2ce8765b910\spring-boot-starter-json-2.7.6.jar;C:\Users\good\.gradle\caches\modules-2\files-2.1\com.fasterxml.jackson.datatype\jackson-datatype-jsr310\2.13.4\e6d820112871f33cd94a1dcc54eef58874753b5\jackson-datatype-jsr310-2.13.4.jar;C:\Users\good\.gradle\caches\modules-2\files-2.1\com.fasterxml.jackson.module\jackson-module-parameter-names\2.13.4\858ccf6624b5fac6044813e845063edb6a62cf37\jackson-module-parameter-names-2.13.4.jar;C:\Users\good\.gradle\caches\modules-2\files-2.1\com.fasterxml.jackson.core\jackson-annotations\2.13.4\858c6cc78e1f08a885b1613e1d817c829df70a6e\jackson-annotations-2.13.4.jar;C:\Users\good\.gradle\caches\modules-2\files-2.1\com.fasterxml.jackson.core\jackson-core\2.13.4\cf934c681294b97ef6d80082faeefbe1edadf56\jackson-core-2.13.4.jar;C:\Users\good\.gradle\caches\modules-2\files-2.1\com.fasterxml.jackson.datatype\jackson-datatype-jdk8\2.13.4\557dbba5d8dfc7b7f944c58fe084109afcb5670b\jackson-datatype-jdk8-2.13.4.jar;C:\Users\good\.gradle\caches\modules-2\files-2.1\com.fasterxml.jackson.core\jackson-databind\2.13.3\56deb9ea2c93a7a556b3afbedd616d342963464e\jackson-databind-2.13.3.jar;C:\Users\good\.gradle\caches\modules-2\files-
Launcher Type: SUN_STANDARD

[Global flags]
     intx CICompilerCount                          = 4                                         {product} {ergonomic}
     uint ConcGCThreads                            = 2                                         {product} {ergonomic}
     uint G1ConcRefinementThreads                  = 8                                         {product} {ergonomic}
   size_t G1HeapRegionSize                         = 1048576                                   {product} {ergonomic}
    uintx GCDrainStackTargetSize                   = 64                                        {product} {ergonomic}
   size_t InitialHeapSize                          = 65011712                                  {product} {ergonomic}
     bool ManagementServer                         = true                                      {product} {command line}
   size_t MarkStackSize                            = 4194304                                   {product} {ergonomic}
   size_t MaxHeapSize                              = 1040187392                                {product} {ergonomic}
   size_t MaxNewSize                               = 623902720                                 {product} {ergonomic}
   size_t MinHeapDeltaBytes                        = 1048576                                   {product} {ergonomic}
    uintx NonNMethodCodeHeapSize                   = 7549744                                {pd product} {ergonomic}
    uintx NonProfiledCodeHeapSize                  = 244108496                              {pd product} {ergonomic}
    uintx ProfiledCodeHeapSize                     = 0                                      {pd product} {ergonomic}
    uintx ReservedCodeCacheSize                    = 251658240                              {pd product} {ergonomic}
     bool SegmentedCodeCache                       = true                                      {product} {ergonomic}
     intx TieredStopAtLevel                        = 1                                         {product} {command line}
     bool UseCompressedClassPointers               = true                                 {lp64_product} {ergonomic}
     bool UseCompressedOops                        = true                                 {lp64_product} {ergonomic}
     bool UseG1GC                                  = true                                      {product} {ergonomic}
     bool UseLargePagesIndividualAllocation        = false                                  {pd product} {ergonomic}

Logging:
Log output configuration:
 #0: stdout all=warning uptime,level,tags
 #1: stderr all=off uptime,level,tags

Environment Variables:
PATH=C:/Users/good/Desktop/contents/sts-4.16.1.RELEASE//plugins/org.eclipse.justj.openjdk.hotspot.jre.full.win32.x86_64_17.0.4.v20221004-1257/jre/bin/server;C:/Users/good/Desktop/contents/sts-4.16.1.RELEASE//plugins/org.eclipse.justj.openjdk.hotspot.jre.full.win32.x86_64_17.0.4.v20221004-1257/jre/bin;C:\Program Files\Common Files\Oracle\Java\javapath;C:\oraclexe\app\oracle\product\11.2.0\server\bin;;C:\oraclexe\app\oracle\product\11.2.0\server\bin;C:\Program Files (x86)\Common Files\Oracle\Java\javapath;C:\Windows\system32;C:\Windows;C:\Windows\System32\Wbem;C:\Windows\System32\WindowsPowerShell\v1.0\;C:\Windows\System32\OpenSSH\;C:\Program Files\nodejs\;C:\Program Files\Git\cmd;C:\Program Files\Microsoft SQL Server\Client SDK\ODBC\170\Tools\Binn\;C:\Program Files (x86)\Microsoft SQL Server\150\Tools\Binn\;C:\Program Files\Microsoft SQL Server\150\Tools\Binn\;C:\Program Files\Microsoft SQL Server\150\DTS\Binn\;C:\Program Files (x86)\Microsoft SQL Server\150\DTS\Binn\;C:\Program Files\Azure Data Studio\bin;C:\Program Files\MySQL\MySQL Shell 8.0\bin\;C:\Users\good\AppData\Local\Microsoft\WindowsApps;C:\Users\good\AppData\Local\GitHubDesktop\bin;C:\Users\good\AppData\Roaming\npm;C:\Users\good\AppData\Local\Programs\Microsoft VS Code\bin;C:\Program Files\Azure Data Studio\bin;C:\Users\good\Desktop\contents\sts-4.16.1.RELEASE;
USERNAME=good
OS=Windows_NT
PROCESSOR_IDENTIFIER=Intel64 Family 6 Model 60 Stepping 3, GenuineIntel



---------------  S Y S T E M  ---------------

OS: Windows 10 , 64 bit Build 18362 (10.0.18362.329)

CPU:total 8 (initial active 8) (4 cores per cpu, 2 threads per core) family 6 model 60 stepping 3 microcode 0x25, cmov, cx8, fxsr, mmx, sse, sse2, sse3, ssse3, sse4.1, sse4.2, popcnt, avx, avx2, aes, clmul, erms, lzcnt, ht, tsc, tscinvbit, bmi1, bmi2, fma

Memory: 4k page, system-wide physical 3967M (675M free)
TotalPageFile size 14269M (AvailPageFile size 2M)
current process WorkingSet (physical memory assigned to process): 13M, peak: 13M
current process commit charge ("private bytes"): 123M, peak: 123M

vm_info: Java HotSpot(TM) 64-Bit Server VM (11.0.16.1+1-LTS-1) for windows-amd64 JRE (11.0.16.1+1-LTS-1), built on Aug 16 2022 01:46:01 by "mach5one" with MS VC++ 15.9 (VS2017)

END.
